This file contains any messages produced by compilers while
running configure, to aid debugging if configure makes a mistake.

It was created by MSTmap configure 1.0.0, which was
generated by GNU Autoconf 2.59.  Invocation command line was

  $ ./configure --no-create --no-recursion

## --------- ##
## Platform. ##
## --------- ##

hostname = cluster.hpc.org
uname -m = x86_64
uname -r = 2.6.18-128.1.14.el5
uname -s = Linux
uname -v = #1 SMP Wed Jun 17 06:38:05 EDT 2009

/usr/bin/uname -p = unknown
/bin/uname -X     = unknown

/bin/arch              = x86_64
/usr/bin/arch -k       = unknown
/usr/convex/getsysinfo = unknown
hostinfo               = unknown
/bin/machine           = unknown
/usr/bin/oslevel       = unknown
/bin/universe          = unknown

PATH: /share/nas2/genome/biosoft/carthagene/current/carthagene-1.2.3-Linux-x86_64/bin
PATH: /share/nas2/genome/biosoft/python/2.7.5/bin
PATH: /share/nas2/genome/biosoft/bowtie/current
PATH: /share/nas2/genome/biosoft/bowtie2/current
PATH: /share/nas2/genome/biosoft/tophat/current
PATH: /share/nas2/genome/biosoft/R/2.15.1/bin
PATH: /share/nas2/genome/bmksoft/bmkNGStoolbox/current
PATH: /home/macx/.vim/cscope-15.8a/bin
PATH: /home/macx/.vim/ctags-5.6/bin/
PATH: /share/nas2/genome/bmksoft/bmkNGStoolbox/current
PATH: /share/nas9/macx/research/qtl/Qgene
PATH: /share/nas9/macx/software/QTL/qtlCart/QTLCartUnix/src
PATH: /share/nas9/macx/research/update_SLAF/alignment/software/short2genome/bowtie2/bowtie-0.12.8
PATH: /share/nas2/genome/biosoft/jellyfish-1.1.2/bin
PATH: /opt/gridengine/bin/lx26-amd64
PATH: /usr/kerberos/bin
PATH: /opt/gridengine/bin/lx26-amd64
PATH: /usr/java/latest/bin
PATH: /usr/local/bin
PATH: /bin
PATH: /usr/bin
PATH: /share/nas2/genome/bin/
PATH: /share/nas2/genome/biosoft/FGF
PATH: /opt/Bio/ncbi/bin
PATH: /opt/Bio/mpiblast/bin/
PATH: /opt/Bio/hmmer/bin
PATH: /opt/Bio/EMBOSS/bin
PATH: /opt/Bio/clustalw/bin
PATH: /opt/Bio/tcoffee/bin
PATH: /opt/Bio/phylip/exe
PATH: /opt/Bio/mrbayes
PATH: /opt/Bio/fasta
PATH: /opt/Bio/glimmer/bin
PATH: //opt/Bio/glimmer/scripts
PATH: /opt/Bio/gromacs/bin
PATH: /opt/Bio/gmap/bin
PATH: /opt/Bio/tigr/bin
PATH: /opt/eclipse
PATH: /opt/ganglia/bin
PATH: /opt/ganglia/sbin
PATH: /opt/maven/bin
PATH: /opt/openmpi/bin/
PATH: /opt/rocks/bin
PATH: /opt/rocks/sbin
PATH: /share/nas2/genome/bin/
PATH: /share/nas2/genome/biosoft/FGF
PATH: /share/nas1/macx/bin
PATH: /share/nas1/litc/bin
PATH: /home/macx/mysqlc/bin
PATH: /share/nas1/litc/bin/SOAPals1.1/bin
PATH: /share/nas1/macx/bin
PATH: /home/macx/bin


## ----------- ##
## Core tests. ##
## ----------- ##

configure:1362: checking for a BSD-compatible install
configure:1417: result: /usr/bin/install -c
configure:1428: checking whether build environment is sane
configure:1471: result: yes
configure:1536: checking for gawk
configure:1552: found /bin/gawk
configure:1562: result: gawk
configure:1572: checking whether make sets $(MAKE)
configure:1592: result: yes
configure:1817: checking for g++
configure:1833: found /usr/bin/g++
configure:1843: result: g++
configure:1859: checking for C++ compiler version
configure:1862: g++ --version </dev/null >&5
g++ (GCC) 4.1.2 20080704 (Red Hat 4.1.2-44)
Copyright (C) 2006 Free Software Foundation, Inc.
This is free software; see the source for copying conditions.  There is NO
warranty; not even for MERCHANTABILITY or FITNESS FOR A PARTICULAR PURPOSE.

configure:1865: $? = 0
configure:1867: g++ -v </dev/null >&5
Using built-in specs.
Target: x86_64-redhat-linux
Configured with: ../configure --prefix=/usr --mandir=/usr/share/man --infodir=/usr/share/info --enable-shared --enable-threads=posix --enable-checking=release --with-system-zlib --enable-__cxa_atexit --disable-libunwind-exceptions --enable-libgcj-multifile --enable-languages=c,c++,objc,obj-c++,java,fortran,ada --enable-java-awt=gtk --disable-dssi --enable-plugin --with-java-home=/usr/lib/jvm/java-1.4.2-gcj-1.4.2.0/jre --with-cpu=generic --host=x86_64-redhat-linux
Thread model: posix
gcc version 4.1.2 20080704 (Red Hat 4.1.2-44)
configure:1870: $? = 0
configure:1872: g++ -V </dev/null >&5
g++: '-V' option must have argument
configure:1875: $? = 1
configure:1898: checking for C++ compiler default output file name
configure:1901: g++    conftest.cc  >&5
configure:1904: $? = 0
configure:1950: result: a.out
configure:1955: checking whether the C++ compiler works
configure:1961: ./a.out
configure:1964: $? = 0
configure:1981: result: yes
configure:1988: checking whether we are cross compiling
configure:1990: result: no
configure:1993: checking for suffix of executables
configure:1995: g++ -o conftest    conftest.cc  >&5
configure:1998: $? = 0
configure:2023: result: 
configure:2029: checking for suffix of object files
configure:2050: g++ -c   conftest.cc >&5
configure:2053: $? = 0
configure:2075: result: o
configure:2079: checking whether we are using the GNU C++ compiler
configure:2103: g++ -c   conftest.cc >&5
configure:2109: $? = 0
configure:2113: test -z 
			 || test ! -s conftest.err
configure:2116: $? = 0
configure:2119: test -s conftest.o
configure:2122: $? = 0
configure:2135: result: yes
configure:2141: checking whether g++ accepts -g
configure:2162: g++ -c -g  conftest.cc >&5
configure:2168: $? = 0
configure:2172: test -z 
			 || test ! -s conftest.err
configure:2175: $? = 0
configure:2178: test -s conftest.o
configure:2181: $? = 0
configure:2192: result: yes
configure:2234: g++ -c -g -O2  conftest.cc >&5
configure:2240: $? = 0
configure:2244: test -z 
			 || test ! -s conftest.err
configure:2247: $? = 0
configure:2250: test -s conftest.o
configure:2253: $? = 0
configure:2279: g++ -c -g -O2  conftest.cc >&5
conftest.cc: In function 'int main()':
conftest.cc:15: error: 'exit' was not declared in this scope
configure:2285: $? = 1
configure: failed program was:
| /* confdefs.h.  */
| 
| #define PACKAGE_NAME "MSTmap"
| #define PACKAGE_TARNAME "mstmap"
| #define PACKAGE_VERSION "1.0.0"
| #define PACKAGE_STRING "MSTmap 1.0.0"
| #define PACKAGE_BUGREPORT "macx@biomarker.com.cn"
| #define PACKAGE "MSTmap"
| #define VERSION "1.1"
| /* end confdefs.h.  */
| 
| int
| main ()
| {
| exit (42);
|   ;
|   return 0;
| }
configure:2234: g++ -c -g -O2  conftest.cc >&5
configure:2240: $? = 0
configure:2244: test -z 
			 || test ! -s conftest.err
configure:2247: $? = 0
configure:2250: test -s conftest.o
configure:2253: $? = 0
configure:2279: g++ -c -g -O2  conftest.cc >&5
configure:2285: $? = 0
configure:2289: test -z 
			 || test ! -s conftest.err
configure:2292: $? = 0
configure:2295: test -s conftest.o
configure:2298: $? = 0
configure:2332: checking for style of include used by make
configure:2360: result: GNU
configure:2388: checking dependency style of g++
configure:2478: result: gcc3
configure:2541: checking for gcc
configure:2557: found /usr/bin/gcc
configure:2567: result: gcc
configure:2811: checking for C compiler version
configure:2814: gcc --version </dev/null >&5
gcc (GCC) 4.1.2 20080704 (Red Hat 4.1.2-44)
Copyright (C) 2006 Free Software Foundation, Inc.
This is free software; see the source for copying conditions.  There is NO
warranty; not even for MERCHANTABILITY or FITNESS FOR A PARTICULAR PURPOSE.

configure:2817: $? = 0
configure:2819: gcc -v </dev/null >&5
Using built-in specs.
Target: x86_64-redhat-linux
Configured with: ../configure --prefix=/usr --mandir=/usr/share/man --infodir=/usr/share/info --enable-shared --enable-threads=posix --enable-checking=release --with-system-zlib --enable-__cxa_atexit --disable-libunwind-exceptions --enable-libgcj-multifile --enable-languages=c,c++,objc,obj-c++,java,fortran,ada --enable-java-awt=gtk --disable-dssi --enable-plugin --with-java-home=/usr/lib/jvm/java-1.4.2-gcj-1.4.2.0/jre --with-cpu=generic --host=x86_64-redhat-linux
Thread model: posix
gcc version 4.1.2 20080704 (Red Hat 4.1.2-44)
configure:2822: $? = 0
configure:2824: gcc -V </dev/null >&5
gcc: '-V' option must have argument
configure:2827: $? = 1
configure:2830: checking whether we are using the GNU C compiler
configure:2854: gcc -c   conftest.c >&5
configure:2860: $? = 0
configure:2864: test -z 
			 || test ! -s conftest.err
configure:2867: $? = 0
configure:2870: test -s conftest.o
configure:2873: $? = 0
configure:2886: result: yes
configure:2892: checking whether gcc accepts -g
configure:2913: gcc -c -g  conftest.c >&5
configure:2919: $? = 0
configure:2923: test -z 
			 || test ! -s conftest.err
configure:2926: $? = 0
configure:2929: test -s conftest.o
configure:2932: $? = 0
configure:2943: result: yes
configure:2960: checking for gcc option to accept ANSI C
configure:3030: gcc  -c -g -O2  conftest.c >&5
configure:3036: $? = 0
configure:3040: test -z 
			 || test ! -s conftest.err
configure:3043: $? = 0
configure:3046: test -s conftest.o
configure:3049: $? = 0
configure:3067: result: none needed
configure:3085: gcc -c -g -O2  conftest.c >&5
conftest.c:2: error: expected '=', ',', ';', 'asm' or '__attribute__' before 'me'
configure:3091: $? = 1
configure: failed program was:
| #ifndef __cplusplus
|   choke me
| #endif
configure:3226: checking dependency style of gcc
configure:3316: result: gcc3
configure:3337: checking for gawk
configure:3363: result: gawk
configure:3386: checking for a BSD-compatible install
configure:3441: result: /usr/bin/install -c
configure:3457: checking how to run the C preprocessor
configure:3492: gcc -E  conftest.c
configure:3498: $? = 0
configure:3530: gcc -E  conftest.c
conftest.c:14:28: error: ac_nonexistent.h: No such file or directory
configure:3536: $? = 1
configure: failed program was:
| /* confdefs.h.  */
| 
| #define PACKAGE_NAME "MSTmap"
| #define PACKAGE_TARNAME "mstmap"
| #define PACKAGE_VERSION "1.0.0"
| #define PACKAGE_STRING "MSTmap 1.0.0"
| #define PACKAGE_BUGREPORT "macx@biomarker.com.cn"
| #define PACKAGE "MSTmap"
| #define VERSION "1.1"
| #ifdef __cplusplus
| extern "C" void std::exit (int) throw (); using std::exit;
| #endif
| /* end confdefs.h.  */
| #include <ac_nonexistent.h>
configure:3575: result: gcc -E
configure:3599: gcc -E  conftest.c
configure:3605: $? = 0
configure:3637: gcc -E  conftest.c
conftest.c:14:28: error: ac_nonexistent.h: No such file or directory
configure:3643: $? = 1
configure: failed program was:
| /* confdefs.h.  */
| 
| #define PACKAGE_NAME "MSTmap"
| #define PACKAGE_TARNAME "mstmap"
| #define PACKAGE_VERSION "1.0.0"
| #define PACKAGE_STRING "MSTmap 1.0.0"
| #define PACKAGE_BUGREPORT "macx@biomarker.com.cn"
| #define PACKAGE "MSTmap"
| #define VERSION "1.1"
| #ifdef __cplusplus
| extern "C" void std::exit (int) throw (); using std::exit;
| #endif
| /* end confdefs.h.  */
| #include <ac_nonexistent.h>
configure:3694: checking for egrep
configure:3704: result: grep -E
configure:3709: checking for ANSI C header files
configure:3734: gcc -c -g -O2  conftest.c >&5
configure:3740: $? = 0
configure:3744: test -z 
			 || test ! -s conftest.err
configure:3747: $? = 0
configure:3750: test -s conftest.o
configure:3753: $? = 0
configure:3842: gcc -o conftest -g -O2   conftest.c  >&5
conftest.c: In function 'main':
conftest.c:31: warning: incompatible implicit declaration of built-in function 'exit'
configure:3845: $? = 0
configure:3847: ./conftest
configure:3850: $? = 0
configure:3865: result: yes
configure:3889: checking for sys/types.h
configure:3905: gcc -c -g -O2  conftest.c >&5
configure:3911: $? = 0
configure:3915: test -z 
			 || test ! -s conftest.err
configure:3918: $? = 0
configure:3921: test -s conftest.o
configure:3924: $? = 0
configure:3935: result: yes
configure:3889: checking for sys/stat.h
configure:3905: gcc -c -g -O2  conftest.c >&5
configure:3911: $? = 0
configure:3915: test -z 
			 || test ! -s conftest.err
configure:3918: $? = 0
configure:3921: test -s conftest.o
configure:3924: $? = 0
configure:3935: result: yes
configure:3889: checking for stdlib.h
configure:3905: gcc -c -g -O2  conftest.c >&5
configure:3911: $? = 0
configure:3915: test -z 
			 || test ! -s conftest.err
configure:3918: $? = 0
configure:3921: test -s conftest.o
configure:3924: $? = 0
configure:3935: result: yes
configure:3889: checking for string.h
configure:3905: gcc -c -g -O2  conftest.c >&5
configure:3911: $? = 0
configure:3915: test -z 
			 || test ! -s conftest.err
configure:3918: $? = 0
configure:3921: test -s conftest.o
configure:3924: $? = 0
configure:3935: result: yes
configure:3889: checking for memory.h
configure:3905: gcc -c -g -O2  conftest.c >&5
configure:3911: $? = 0
configure:3915: test -z 
			 || test ! -s conftest.err
configure:3918: $? = 0
configure:3921: test -s conftest.o
configure:3924: $? = 0
configure:3935: result: yes
configure:3889: checking for strings.h
configure:3905: gcc -c -g -O2  conftest.c >&5
configure:3911: $? = 0
configure:3915: test -z 
			 || test ! -s conftest.err
configure:3918: $? = 0
configure:3921: test -s conftest.o
configure:3924: $? = 0
configure:3935: result: yes
configure:3889: checking for inttypes.h
configure:3905: gcc -c -g -O2  conftest.c >&5
configure:3911: $? = 0
configure:3915: test -z 
			 || test ! -s conftest.err
configure:3918: $? = 0
configure:3921: test -s conftest.o
configure:3924: $? = 0
configure:3935: result: yes
configure:3889: checking for stdint.h
configure:3905: gcc -c -g -O2  conftest.c >&5
configure:3911: $? = 0
configure:3915: test -z 
			 || test ! -s conftest.err
configure:3918: $? = 0
configure:3921: test -s conftest.o
configure:3924: $? = 0
configure:3935: result: yes
configure:3889: checking for unistd.h
configure:3905: gcc -c -g -O2  conftest.c >&5
configure:3911: $? = 0
configure:3915: test -z 
			 || test ! -s conftest.err
configure:3918: $? = 0
configure:3921: test -s conftest.o
configure:3924: $? = 0
configure:3935: result: yes
configure:3947: checking for stdbool.h that conforms to C99
configure:4000: gcc -c -g -O2  conftest.c >&5
configure:4006: $? = 0
configure:4010: test -z 
			 || test ! -s conftest.err
configure:4013: $? = 0
configure:4016: test -s conftest.o
configure:4019: $? = 0
configure:4030: result: yes
configure:4032: checking for _Bool
configure:4056: gcc -c -g -O2  conftest.c >&5
configure:4062: $? = 0
configure:4066: test -z 
			 || test ! -s conftest.err
configure:4069: $? = 0
configure:4072: test -s conftest.o
configure:4075: $? = 0
configure:4086: result: yes
configure:4105: checking for an ANSI C-conforming const
configure:4172: gcc -c -g -O2  conftest.c >&5
configure:4178: $? = 0
configure:4182: test -z 
			 || test ! -s conftest.err
configure:4185: $? = 0
configure:4188: test -s conftest.o
configure:4191: $? = 0
configure:4202: result: yes
configure:4218: checking for sqrt
configure:4275: gcc -o conftest -g -O2   conftest.c  >&5
conftest.c:50: warning: conflicting types for built-in function 'sqrt'
/tmp/cckTg1cI.o: In function `main':
/share/nas9/macx/research/slaf4/MSTmap/v1.1/conftest.c:65: undefined reference to `sqrt'
/tmp/cckTg1cI.o:(.data+0x0): undefined reference to `sqrt'
collect2: ld returned 1 exit status
configure:4281: $? = 1
configure: failed program was:
| /* confdefs.h.  */
| 
| #define PACKAGE_NAME "MSTmap"
| #define PACKAGE_TARNAME "mstmap"
| #define PACKAGE_VERSION "1.0.0"
| #define PACKAGE_STRING "MSTmap 1.0.0"
| #define PACKAGE_BUGREPORT "macx@biomarker.com.cn"
| #define PACKAGE "MSTmap"
| #define VERSION "1.1"
| #ifdef __cplusplus
| extern "C" void std::exit (int) throw (); using std::exit;
| #endif
| #define STDC_HEADERS 1
| #define HAVE_SYS_TYPES_H 1
| #define HAVE_SYS_STAT_H 1
| #define HAVE_STDLIB_H 1
| #define HAVE_STRING_H 1
| #define HAVE_MEMORY_H 1
| #define HAVE_STRINGS_H 1
| #define HAVE_INTTYPES_H 1
| #define HAVE_STDINT_H 1
| #define HAVE_UNISTD_H 1
| #define HAVE__BOOL 1
| #define HAVE_STDBOOL_H 1
| /* end confdefs.h.  */
| /* Define sqrt to an innocuous variant, in case <limits.h> declares sqrt.
|    For example, HP-UX 11i <limits.h> declares gettimeofday.  */
| #define sqrt innocuous_sqrt
| 
| /* System header to define __stub macros and hopefully few prototypes,
|     which can conflict with char sqrt (); below.
|     Prefer <limits.h> to <assert.h> if __STDC__ is defined, since
|     <limits.h> exists even on freestanding compilers.  */
| 
| #ifdef __STDC__
| # include <limits.h>
| #else
| # include <assert.h>
| #endif
| 
| #undef sqrt
| 
| /* Override any gcc2 internal prototype to avoid an error.  */
| #ifdef __cplusplus
| extern "C"
| {
| #endif
| /* We use char because int might match the return type of a gcc2
|    builtin and then its argument prototype would still apply.  */
| char sqrt ();
| /* The GNU C library defines this for functions which it implements
|     to always fail with ENOSYS.  Some functions are actually named
|     something starting with __ and the normal name is an alias.  */
| #if defined (__stub_sqrt) || defined (__stub___sqrt)
| choke me
| #else
| char (*f) () = sqrt;
| #endif
| #ifdef __cplusplus
| }
| #endif
| 
| int
| main ()
| {
| return f != sqrt;
|   ;
|   return 0;
| }
configure:4306: result: no
configure:4442: creating ./config.status

## ---------------- ##
## Cache variables. ##
## ---------------- ##

ac_cv_c_compiler_gnu=yes
ac_cv_c_const=yes
ac_cv_cxx_compiler_gnu=yes
ac_cv_env_CC_set=
ac_cv_env_CC_value=
ac_cv_env_CFLAGS_set=
ac_cv_env_CFLAGS_value=
ac_cv_env_CPPFLAGS_set=
ac_cv_env_CPPFLAGS_value=
ac_cv_env_CPP_set=
ac_cv_env_CPP_value=
ac_cv_env_CXXFLAGS_set=
ac_cv_env_CXXFLAGS_value=
ac_cv_env_CXX_set=
ac_cv_env_CXX_value=
ac_cv_env_LDFLAGS_set=
ac_cv_env_LDFLAGS_value=
ac_cv_env_build_alias_set=
ac_cv_env_build_alias_value=
ac_cv_env_host_alias_set=
ac_cv_env_host_alias_value=
ac_cv_env_target_alias_set=
ac_cv_env_target_alias_value=
ac_cv_exeext=
ac_cv_func_sqrt=no
ac_cv_header_inttypes_h=yes
ac_cv_header_memory_h=yes
ac_cv_header_stdbool_h=yes
ac_cv_header_stdc=yes
ac_cv_header_stdint_h=yes
ac_cv_header_stdlib_h=yes
ac_cv_header_string_h=yes
ac_cv_header_strings_h=yes
ac_cv_header_sys_stat_h=yes
ac_cv_header_sys_types_h=yes
ac_cv_header_unistd_h=yes
ac_cv_objext=o
ac_cv_path_install='/usr/bin/install -c'
ac_cv_prog_AWK=gawk
ac_cv_prog_CPP='gcc -E'
ac_cv_prog_ac_ct_CC=gcc
ac_cv_prog_ac_ct_CXX=g++
ac_cv_prog_cc_g=yes
ac_cv_prog_cc_stdc=
ac_cv_prog_cxx_g=yes
ac_cv_prog_egrep='grep -E'
ac_cv_prog_make_make_set=yes
ac_cv_type__Bool=yes
am_cv_CC_dependencies_compiler_type=gcc3
am_cv_CXX_dependencies_compiler_type=gcc3

## ----------------- ##
## Output variables. ##
## ----------------- ##

ACLOCAL='${SHELL} /share/nas9/macx/research/slaf4/MSTmap/v1.1/missing --run aclocal-1.9'
AMDEPBACKSLASH='\'
AMDEP_FALSE='#'
AMDEP_TRUE=''
AMTAR='${SHELL} /share/nas9/macx/research/slaf4/MSTmap/v1.1/missing --run tar'
AUTOCONF='${SHELL} /share/nas9/macx/research/slaf4/MSTmap/v1.1/missing --run autoconf'
AUTOHEADER='${SHELL} /share/nas9/macx/research/slaf4/MSTmap/v1.1/missing --run autoheader'
AUTOMAKE='${SHELL} /share/nas9/macx/research/slaf4/MSTmap/v1.1/missing --run automake-1.9'
AWK='gawk'
CC='gcc'
CCDEPMODE='depmode=gcc3'
CFLAGS='-g -O2'
CPP='gcc -E'
CPPFLAGS=''
CXX='g++'
CXXDEPMODE='depmode=gcc3'
CXXFLAGS='-g -O2'
CYGPATH_W='echo'
DEFS='-DHAVE_CONFIG_H'
DEPDIR='.deps'
ECHO_C=''
ECHO_N='-n'
ECHO_T=''
EGREP='grep -E'
EXEEXT=''
INSTALL_DATA='${INSTALL} -m 644'
INSTALL_PROGRAM='${INSTALL}'
INSTALL_SCRIPT='${INSTALL}'
INSTALL_STRIP_PROGRAM='${SHELL} $(install_sh) -c -s'
LDFLAGS=''
LIBOBJS=''
LIBS=''
LTLIBOBJS=''
MAKEINFO='${SHELL} /share/nas9/macx/research/slaf4/MSTmap/v1.1/missing --run makeinfo'
OBJEXT='o'
PACKAGE='MSTmap'
PACKAGE_BUGREPORT='macx@biomarker.com.cn'
PACKAGE_NAME='MSTmap'
PACKAGE_STRING='MSTmap 1.0.0'
PACKAGE_TARNAME='mstmap'
PACKAGE_VERSION='1.0.0'
PATH_SEPARATOR=':'
SET_MAKE=''
SHELL='/bin/sh'
STRIP=''
VERSION='1.1'
ac_ct_CC='gcc'
ac_ct_CXX='g++'
ac_ct_STRIP=''
am__fastdepCC_FALSE='#'
am__fastdepCC_TRUE=''
am__fastdepCXX_FALSE='#'
am__fastdepCXX_TRUE=''
am__include='include'
am__leading_dot='.'
am__quote=''
am__tar='${AMTAR} chof - "$$tardir"'
am__untar='${AMTAR} xf -'
bindir='${exec_prefix}/bin'
build_alias=''
datadir='${prefix}/share'
exec_prefix='${prefix}'
host_alias=''
includedir='${prefix}/include'
infodir='${prefix}/info'
install_sh='/share/nas9/macx/research/slaf4/MSTmap/v1.1/install-sh'
libdir='${exec_prefix}/lib'
libexecdir='${exec_prefix}/libexec'
localstatedir='${prefix}/var'
mandir='${prefix}/man'
mkdir_p='mkdir -p --'
oldincludedir='/usr/include'
prefix='/usr/local'
program_transform_name='s,x,x,'
sbindir='${exec_prefix}/sbin'
sharedstatedir='${prefix}/com'
sysconfdir='${prefix}/etc'
target_alias=''

## ----------- ##
## confdefs.h. ##
## ----------- ##

#define HAVE_INTTYPES_H 1
#define HAVE_MEMORY_H 1
#define HAVE_STDBOOL_H 1
#define HAVE_STDINT_H 1
#define HAVE_STDLIB_H 1
#define HAVE_STRINGS_H 1
#define HAVE_STRING_H 1
#define HAVE_SYS_STAT_H 1
#define HAVE_SYS_TYPES_H 1
#define HAVE_UNISTD_H 1
#define HAVE__BOOL 1
#define PACKAGE "MSTmap"
#define PACKAGE_BUGREPORT "macx@biomarker.com.cn"
#define PACKAGE_NAME "MSTmap"
#define PACKAGE_STRING "MSTmap 1.0.0"
#define PACKAGE_TARNAME "mstmap"
#define PACKAGE_VERSION "1.0.0"
#define STDC_HEADERS 1
#define VERSION "1.1"
#endif
#ifdef __cplusplus
extern "C" void std::exit (int) throw (); using std::exit;

configure: exit 0

## ---------------------- ##
## Running config.status. ##
## ---------------------- ##

This file was extended by MSTmap config.status 1.0.0, which was
generated by GNU Autoconf 2.59.  Invocation command line was

  CONFIG_FILES    = 
  CONFIG_HEADERS  = 
  CONFIG_LINKS    = 
  CONFIG_COMMANDS = 
  $ ./config.status 

on cluster.hpc.org

config.status:696: creating Makefile
config.status:696: creating src/Makefile
config.status:800: creating config.h
config.status:1090: executing depfiles commands

## ---------------------- ##
## Running config.status. ##
## ---------------------- ##

This file was extended by MSTmap config.status 1.0.0, which was
generated by GNU Autoconf 2.59.  Invocation command line was

  CONFIG_FILES    = 
  CONFIG_HEADERS  = 
  CONFIG_LINKS    = 
  CONFIG_COMMANDS = 
  $ ./config.status config.h

on cluster.hpc.org

config.status:800: creating config.h
config.status:910: config.h is unchanged
